[debug] [2018-11-02T11:21:41.205Z] ----------------------------------------------------------------------
[debug] [2018-11-02T11:21:41.210Z] Command:       C:\Program Files\nodejs\node.exe C:\Users\Bruce\AppData\Local\Yarn\Data\global\node_modules\firebase-tools\bin\firebase deploy --debug
[debug] [2018-11-02T11:21:41.210Z] CLI Version:   4.0.3
[debug] [2018-11-02T11:21:41.210Z] Platform:      win32
[debug] [2018-11-02T11:21:41.210Z] Node Version:  v8.11.3
[debug] [2018-11-02T11:21:41.214Z] Time:          Fri Nov 02 2018 07:21:41 GMT-0400 (Eastern Daylight Time)
[debug] [2018-11-02T11:21:41.214Z] ----------------------------------------------------------------------
[debug] 
[debug] [2018-11-02T11:21:41.231Z] > command requires scopes: ["email","openid","https://www.googleapis.com/auth/cloudplatformprojects.readonly","https://www.googleapis.com/auth/firebase","https://www.googleapis.com/auth/cloud-platform"]
[debug] [2018-11-02T11:21:41.236Z] > authorizing via signed-in user
[debug] [2018-11-02T11:21:41.241Z] >>> HTTP REQUEST GET https://admin.firebase.com/v1/projects/acestrader-4be71  
  
 Fri Nov 02 2018 07:21:41 GMT-0400 (Eastern Daylight Time)
[debug] [2018-11-02T11:21:41.579Z] <<< HTTP RESPONSE 200
[debug] [2018-11-02T11:21:41.582Z] >>> HTTP REQUEST GET https://admin.firebase.com/v1/database/acestrader-4be71/tokens  
  
 Fri Nov 02 2018 07:21:41 GMT-0400 (Eastern Daylight Time)
[debug] [2018-11-02T11:21:41.843Z] <<< HTTP RESPONSE 200
[info] 
[info] === Deploying to 'acestrader-4be71'...
[info] 
[info] i  deploying database, hosting
[info] i  database: checking rules syntax...
[debug] [2018-11-02T11:21:42.877Z] >>> HTTP REQUEST PUT https://acestrader-4be71.firebaseio.com/.settings/rules.json?dryRun=true  
 {
  /* Visit https://firebase.google.com/docs/database/security to learn more about security rules. */
  "rules": {
    ".read": true,
    ".write": true
  }
}
 
 Fri Nov 02 2018 07:21:42 GMT-0400 (Eastern Daylight Time)
[debug] [2018-11-02T11:21:43.122Z] <<< HTTP RESPONSE 200
[info] +  database: rules syntax for database acestrader-4be71 is valid
[info] i  hosting: preparing build directory for upload...
[debug] [2018-11-02T11:21:43.828Z] >>> HTTP REQUEST PUT https://deploy.firebase.com/v1/hosting/acestrader-4be71/uploads/-LQJ93kKcUDGkTSR32tU?fileCount=27&message=  
  
 Fri Nov 02 2018 07:21:43 GMT-0400 (Eastern Daylight Time)
[debug] [2018-11-02T11:21:47.207Z] <<< HTTP RESPONSE 410
[debug] [2018-11-02T11:21:47.209Z] <<< HTTP RESPONSE BODY undefined
[error] 
[error] Error: HTTP Error: 410, Unknown Error
[debug] [2018-11-02T11:21:47.320Z] Error Context: {
  "body": {
    "error": {
      "message": "Unknown Error"
    }
  },
  "response": {
    "statusCode": 410,
    "headers": {
      "server": "nginx",
      "date": "Fri, 02 Nov 2018 11:21:46 GMT",
      "content-type": "application/json; charset=utf-8",
      "content-length": "240",
      "connection": "close",
      "access-control-allow-origin": "*",
      "access-control-allow-methods": "GET, PUT, POST, DELETE, OPTIONS",
      "strict-transport-security": "max-age=31556926; includeSubDomains; preload"
    },
    "request": {
      "uri": {
        "protocol": "https:",
        "slashes": true,
        "auth": null,
        "host": "deploy.firebase.com",
        "port": 443,
        "hostname": "deploy.firebase.com",
        "hash": null,
        "search": "?fileCount=27&message=",
        "query": "fileCount=27&message=",
        "pathname": "/v1/hosting/acestrader-4be71/uploads/-LQJ93kKcUDGkTSR32tU",
        "path": "/v1/hosting/acestrader-4be71/uploads/-LQJ93kKcUDGkTSR32tU?fileCount=27&message=",
        "href": "https://deploy.firebase.com/v1/hosting/acestrader-4be71/uploads/-LQJ93kKcUDGkTSR32tU?fileCount=27&message="
      },
      "method": "PUT"
    }
  }
}
